[0mdetected ROS_DISTRO=ROS_HUMBLE[0m
[33mCMake Warning at CMakeLists.txt:27 (find_package):
  Could not find a configuration file for package "VPI" that is compatible
  with requested version "2.0".

  The following configuration files were considered but not accepted:

    /usr/lib/cmake/vpi3/vpi-config.cmake, version: 3.2.4
    /lib/cmake/vpi3/vpi-config.cmake, version: 3.2.4


[0m
[0mdetected ROS2 (ament_cmake)[0m
In file included from [01m[K/home/wego/team_ws/psh030917/nface_ws/src/ros_deep_learning/src/image_converter.cpp:23[m[K:
[01m[K/home/wego/team_ws/psh030917/nface_ws/src/ros_deep_learning/src/image_converter.h:26:10:[m[K [01;31m[Kfatal error: [m[Kjetson-utils/cudaUtility.h: No such file or directory
   26 | #include [01;31m[K<jetson-utils/cudaUtility.h>[m[K
      |          [01;31m[K^~~~~~~~~~~~~~~~~~~~~~~~~~~~[m[K
compilation terminated.
gmake[2]: *** [CMakeFiles/video_source.dir/build.make:90: CMakeFiles/video_source.dir/src/image_converter.cpp.o] Error 1
gmake[2]: *** Waiting for unfinished jobs....
In file included from [01m[K/home/wego/team_ws/psh030917/nface_ws/src/ros_deep_learning/src/image_converter.cpp:23[m[K:
[01m[K/home/wego/team_ws/psh030917/nface_ws/src/ros_deep_learning/src/image_converter.h:26:10:[m[K [01;31m[Kfatal error: [m[Kjetson-utils/cudaUtility.h: No such file or directory
   26 | #include [01;31m[K<jetson-utils/cudaUtility.h>[m[K
      |          [01;31m[K^~~~~~~~~~~~~~~~~~~~~~~~~~~~[m[K
compilation terminated.
gmake[2]: *** [CMakeFiles/detectnet.dir/build.make:90: CMakeFiles/detectnet.dir/src/image_converter.cpp.o] Error 1
gmake[2]: *** Waiting for unfinished jobs....
In file included from [01m[K/home/wego/team_ws/psh030917/nface_ws/src/ros_deep_learning/src/image_converter.cpp:23[m[K:
[01m[K/home/wego/team_ws/psh030917/nface_ws/src/ros_deep_learning/src/image_converter.h:26:10:[m[K [01;31m[Kfatal error: [m[Kjetson-utils/cudaUtility.h: No such file or directory
   26 | #include [01;31m[K<jetson-utils/cudaUtility.h>[m[K
      |          [01;31m[K^~~~~~~~~~~~~~~~~~~~~~~~~~~~[m[K
compilation terminated.
gmake[2]: *** [CMakeFiles/imagenet.dir/build.make:90: CMakeFiles/imagenet.dir/src/image_converter.cpp.o] Error 1
gmake[2]: *** Waiting for unfinished jobs....
In file included from [01m[K/home/wego/team_ws/psh030917/nface_ws/src/ros_deep_learning/src/image_converter.cpp:23[m[K:
[01m[K/home/wego/team_ws/psh030917/nface_ws/src/ros_deep_learning/src/image_converter.h:26:10:[m[K [01;31m[Kfatal error: [m[Kjetson-utils/cudaUtility.h: No such file or directory
   26 | #include [01;31m[K<jetson-utils/cudaUtility.h>[m[K
      |          [01;31m[K^~~~~~~~~~~~~~~~~~~~~~~~~~~~[m[K
compilation terminated.
gmake[2]: *** [CMakeFiles/segnet.dir/build.make:90: CMakeFiles/segnet.dir/src/image_converter.cpp.o] Error 1
gmake[2]: *** Waiting for unfinished jobs....
In file included from [01m[K/home/wego/team_ws/psh030917/nface_ws/src/ros_deep_learning/src/image_converter.cpp:23[m[K:
[01m[K/home/wego/team_ws/psh030917/nface_ws/src/ros_deep_learning/src/image_converter.h:26:10:[m[K [01;31m[Kfatal error: [m[Kjetson-utils/cudaUtility.h: No such file or directory
   26 | #include [01;31m[K<jetson-utils/cudaUtility.h>[m[K
      |          [01;31m[K^~~~~~~~~~~~~~~~~~~~~~~~~~~~[m[K
compilation terminated.
gmake[2]: *** [CMakeFiles/video_output.dir/build.make:90: CMakeFiles/video_output.dir/src/image_converter.cpp.o] Error 1
gmake[2]: *** Waiting for unfinished jobs....
In file included from [01m[K/home/wego/team_ws/psh030917/nface_ws/src/ros_deep_learning/src/node_video_output.cpp:24[m[K:
[01m[K/home/wego/team_ws/psh030917/nface_ws/src/ros_deep_learning/src/image_converter.h:26:10:[m[K [01;31m[Kfatal error: [m[Kjetson-utils/cudaUtility.h: No such file or directory
   26 | #include [01;31m[K<jetson-utils/cudaUtility.h>[m[K
      |          [01;31m[K^~~~~~~~~~~~~~~~~~~~~~~~~~~~[m[K
In file included from [01m[K/home/wego/team_ws/psh030917/nface_ws/src/ros_deep_learning/src/node_imagenet.cpp:24[m[K:
[01m[K/home/wego/team_ws/psh030917/nface_ws/src/ros_deep_learning/src/image_converter.h:26:10:[m[K [01;31m[Kfatal error: [m[Kjetson-utils/cudaUtility.h: No such file or directory
   26 | #include [01;31m[K<jetson-utils/cudaUtility.h>[m[K
      |          [01;31m[K^~~~~~~~~~~~~~~~~~~~~~~~~~~~[m[K
In file included from [01m[K/home/wego/team_ws/psh030917/nface_ws/src/ros_deep_learning/src/node_detectnet.cpp:24[m[K:
[01m[K/home/wego/team_ws/psh030917/nface_ws/src/ros_deep_learning/src/image_converter.h:26:10:[m[K [01;31m[Kfatal error: [m[Kjetson-utils/cudaUtility.h: No such file or directory
   26 | #include [01;31m[K<jetson-utils/cudaUtility.h>[m[K
      |          [01;31m[K^~~~~~~~~~~~~~~~~~~~~~~~~~~~[m[K
compilation terminated.
In file included from [01m[K/home/wego/team_ws/psh030917/nface_ws/src/ros_deep_learning/src/node_video_source.cpp:24[m[K:
[01m[K/home/wego/team_ws/psh030917/nface_ws/src/ros_deep_learning/src/image_converter.h:26:10:[m[K [01;31m[Kfatal error: [m[Kjetson-utils/cudaUtility.h: No such file or directory
   26 | #include [01;31m[K<jetson-utils/cudaUtility.h>[m[K
      |          [01;31m[K^~~~~~~~~~~~~~~~~~~~~~~~~~~~[m[K
compilation terminated.
compilation terminated.
In file included from [01m[K/home/wego/team_ws/psh030917/nface_ws/src/ros_deep_learning/src/node_segnet.cpp:24[m[K:
[01m[K/home/wego/team_ws/psh030917/nface_ws/src/ros_deep_learning/src/image_converter.h:26:10:[m[K [01;31m[Kfatal error: [m[Kjetson-utils/cudaUtility.h: No such file or directory
   26 | #include [01;31m[K<jetson-utils/cudaUtility.h>[m[K
      |          [01;31m[K^~~~~~~~~~~~~~~~~~~~~~~~~~~~[m[K
compilation terminated.
compilation terminated.
gmake[2]: *** [CMakeFiles/imagenet.dir/build.make:76: CMakeFiles/imagenet.dir/src/node_imagenet.cpp.o] Error 1
gmake[2]: *** [CMakeFiles/video_output.dir/build.make:76: CMakeFiles/video_output.dir/src/node_video_output.cpp.o] Error 1
gmake[2]: *** [CMakeFiles/segnet.dir/build.make:76: CMakeFiles/segnet.dir/src/node_segnet.cpp.o] Error 1
gmake[1]: *** [CMakeFiles/Makefile2:197: CMakeFiles/segnet.dir/all] Error 2
gmake[1]: *** Waiting for unfinished jobs....
gmake[2]: *** [CMakeFiles/detectnet.dir/build.make:76: CMakeFiles/detectnet.dir/src/node_detectnet.cpp.o] Error 1
gmake[1]: *** [CMakeFiles/Makefile2:249: CMakeFiles/video_output.dir/all] Error 2
gmake[1]: *** [CMakeFiles/Makefile2:171: CMakeFiles/detectnet.dir/all] Error 2
gmake[1]: *** [CMakeFiles/Makefile2:145: CMakeFiles/imagenet.dir/all] Error 2
gmake[2]: *** [CMakeFiles/video_source.dir/build.make:76: CMakeFiles/video_source.dir/src/node_video_source.cpp.o] Error 1
gmake[1]: *** [CMakeFiles/Makefile2:223: CMakeFiles/video_source.dir/all] Error 2
gmake: *** [Makefile:146: all] Error 2
